2021-04-25 10:26:01,973 [INFO] [main] [org.springframework.jdbc.datasource.init.ResourceDatabasePopulator] .executeSqlScript(159) | Executing SQL script from class path resource [db/dml_populate_db.sql]
2021-04-25 10:26:02,047 [INFO] [main] [org.springframework.jdbc.datasource.init.ResourceDatabasePopulator] .executeSqlScript(214) | Done executing SQL script from class path resource [db/dml_populate_db.sql] in 61 ms.
2021-04-25 10:26:02,367 [DEBUG] [main] [org.hibernate.SQL] .logStatement(111) | select customeren0_.ID as ID0_0_, customeren0_.BIRTHDATE as BIRTHDATE0_0_, customeren0_.EMAIL as EMAIL0_0_, customeren0_.NAME as NAME0_0_, customeren0_.PWD as PWD0_0_, customeren0_.SURNAME as SURNAME0_0_, customeren0_.TEL as TEL0_0_ from CUSTOMER customeren0_ where customeren0_.ID=?
2021-04-25 10:26:02,511 [DEBUG] [main] [org.hibernate.SQL] .logStatement(111) | select customeren0_.ID as ID0_0_, customeren0_.BIRTHDATE as BIRTHDATE0_0_, customeren0_.EMAIL as EMAIL0_0_, customeren0_.NAME as NAME0_0_, customeren0_.PWD as PWD0_0_, customeren0_.SURNAME as SURNAME0_0_, customeren0_.TEL as TEL0_0_ from CUSTOMER customeren0_ where customeren0_.ID=?
2021-04-25 10:26:03,120 [DEBUG] [main] [org.hibernate.SQL] .logStatement(111) | select customeren0_.ID as ID0_, customeren0_.BIRTHDATE as BIRTHDATE0_, customeren0_.EMAIL as EMAIL0_, customeren0_.NAME as NAME0_, customeren0_.PWD as PWD0_, customeren0_.SURNAME as SURNAME0_, customeren0_.TEL as TEL0_ from CUSTOMER customeren0_
2021-04-25 10:26:03,265 [DEBUG] [main] [org.hibernate.SQL] .logStatement(111) | select customeren0_.ID as ID0_0_, customeren0_.BIRTHDATE as BIRTHDATE0_0_, customeren0_.EMAIL as EMAIL0_0_, customeren0_.NAME as NAME0_0_, customeren0_.PWD as PWD0_0_, customeren0_.SURNAME as SURNAME0_0_, customeren0_.TEL as TEL0_0_ from CUSTOMER customeren0_ where customeren0_.ID=?
2021-04-25 10:26:03,274 [DEBUG] [main] [org.hibernate.SQL] .logStatement(111) | select customeren0_.ID as ID0_0_, customeren0_.BIRTHDATE as BIRTHDATE0_0_, customeren0_.EMAIL as EMAIL0_0_, customeren0_.NAME as NAME0_0_, customeren0_.PWD as PWD0_0_, customeren0_.SURNAME as SURNAME0_0_, customeren0_.TEL as TEL0_0_ from CUSTOMER customeren0_ where customeren0_.ID=?
2021-04-25 10:26:03,372 [DEBUG] [main] [org.hibernate.SQL] .logStatement(111) | call next value for SEQ_CUSTOMER
2021-04-25 10:26:03,418 [DEBUG] [main] [org.hibernate.SQL] .logStatement(111) | call next value for SEQ_CUSTOMER
2021-04-25 10:26:03,449 [DEBUG] [main] [org.hibernate.SQL] .logStatement(111) | select customeren0_.ID as ID0_0_, customeren0_.BIRTHDATE as BIRTHDATE0_0_, customeren0_.EMAIL as EMAIL0_0_, customeren0_.NAME as NAME0_0_, customeren0_.PWD as PWD0_0_, customeren0_.SURNAME as SURNAME0_0_, customeren0_.TEL as TEL0_0_ from CUSTOMER customeren0_ where customeren0_.ID=?
2021-04-25 21:22:12,630 [INFO] [main] [org.springframework.jdbc.datasource.init.ResourceDatabasePopulator] .executeSqlScript(159) | Executing SQL script from class path resource [db/dml_populate_db.sql]
2021-04-25 21:22:12,722 [INFO] [main] [org.springframework.jdbc.datasource.init.ResourceDatabasePopulator] .executeSqlScript(214) | Done executing SQL script from class path resource [db/dml_populate_db.sql] in 74 ms.
2021-04-25 21:22:13,212 [DEBUG] [main] [org.hibernate.SQL] .logStatement(111) | select cityentity0_.ID as ID0_0_, cityentity0_.LATE as LATE0_0_, cityentity0_.LNG as LNG0_0_, cityentity0_.NAME as NAME0_0_ from CITY cityentity0_ where cityentity0_.ID=?
2021-04-25 21:22:13,792 [DEBUG] [main] [org.hibernate.SQL] .logStatement(111) | select cityentity0_.ID as ID0_, cityentity0_.LATE as LATE0_, cityentity0_.LNG as LNG0_, cityentity0_.NAME as NAME0_ from CITY cityentity0_
2021-04-25 21:22:13,870 [DEBUG] [main] [org.hibernate.SQL] .logStatement(111) | select cityentity0_.ID as ID0_0_, cityentity0_.LATE as LATE0_0_, cityentity0_.LNG as LNG0_0_, cityentity0_.NAME as NAME0_0_ from CITY cityentity0_ where cityentity0_.ID=?
2021-04-25 21:22:13,877 [DEBUG] [main] [org.hibernate.SQL] .logStatement(111) | select cityentity0_.ID as ID0_0_, cityentity0_.LATE as LATE0_0_, cityentity0_.LNG as LNG0_0_, cityentity0_.NAME as NAME0_0_ from CITY cityentity0_ where cityentity0_.ID=?
2021-04-25 21:22:13,881 [DEBUG] [main] [org.hibernate.SQL] .logStatement(111) | select cityentity0_.ID as ID0_0_, cityentity0_.LATE as LATE0_0_, cityentity0_.LNG as LNG0_0_, cityentity0_.NAME as NAME0_0_ from CITY cityentity0_ where cityentity0_.ID=?
2021-04-25 21:22:13,918 [DEBUG] [main] [org.hibernate.SQL] .logStatement(111) | select cityentity0_.ID as ID0_0_, cityentity0_.LATE as LATE0_0_, cityentity0_.LNG as LNG0_0_, cityentity0_.NAME as NAME0_0_ from CITY cityentity0_ where cityentity0_.ID=?
2021-04-25 21:22:13,920 [DEBUG] [main] [org.hibernate.SQL] .logStatement(111) | select cityentity0_.ID as ID0_0_, cityentity0_.LATE as LATE0_0_, cityentity0_.LNG as LNG0_0_, cityentity0_.NAME as NAME0_0_ from CITY cityentity0_ where cityentity0_.ID=?
2021-04-25 21:22:13,948 [DEBUG] [main] [org.hibernate.SQL] .logStatement(111) | select cityentity0_.ID as ID0_0_, cityentity0_.LATE as LATE0_0_, cityentity0_.LNG as LNG0_0_, cityentity0_.NAME as NAME0_0_ from CITY cityentity0_ where cityentity0_.ID=?
2021-04-25 21:31:11,707 [INFO] [main] [org.springframework.jdbc.datasource.init.ResourceDatabasePopulator] .executeSqlScript(159) | Executing SQL script from class path resource [db/dml_populate_db.sql]
2021-04-25 21:31:11,891 [INFO] [main] [org.springframework.jdbc.datasource.init.ResourceDatabasePopulator] .executeSqlScript(214) | Done executing SQL script from class path resource [db/dml_populate_db.sql] in 141 ms.
2021-04-25 21:31:12,394 [DEBUG] [main] [org.hibernate.SQL] .logStatement(111) | select cityentity0_.ID as ID0_0_, cityentity0_.LATE as LATE0_0_, cityentity0_.LNG as LNG0_0_, cityentity0_.NAME as NAME0_0_ from CITY cityentity0_ where cityentity0_.ID=?
2021-04-25 21:31:12,923 [DEBUG] [main] [org.hibernate.SQL] .logStatement(111) | select cityentity0_.ID as ID0_, cityentity0_.LATE as LATE0_, cityentity0_.LNG as LNG0_, cityentity0_.NAME as NAME0_ from CITY cityentity0_
2021-04-25 21:31:12,999 [DEBUG] [main] [org.hibernate.SQL] .logStatement(111) | select cityentity0_.ID as ID0_0_, cityentity0_.LATE as LATE0_0_, cityentity0_.LNG as LNG0_0_, cityentity0_.NAME as NAME0_0_ from CITY cityentity0_ where cityentity0_.ID=?
2021-04-25 21:31:13,093 [DEBUG] [main] [org.hibernate.SQL] .logStatement(111) | select cityentity0_.ID as ID0_0_, cityentity0_.LATE as LATE0_0_, cityentity0_.LNG as LNG0_0_, cityentity0_.NAME as NAME0_0_ from CITY cityentity0_ where cityentity0_.ID=?
2021-04-25 21:31:13,097 [DEBUG] [main] [org.hibernate.SQL] .logStatement(111) | select cityentity0_.ID as ID0_0_, cityentity0_.LATE as LATE0_0_, cityentity0_.LNG as LNG0_0_, cityentity0_.NAME as NAME0_0_ from CITY cityentity0_ where cityentity0_.ID=?
2021-04-25 21:31:13,120 [DEBUG] [main] [org.hibernate.SQL] .logStatement(111) | select cityentity0_.ID as ID0_0_, cityentity0_.LATE as LATE0_0_, cityentity0_.LNG as LNG0_0_, cityentity0_.NAME as NAME0_0_ from CITY cityentity0_ where cityentity0_.ID=?
2021-04-25 21:31:13,122 [DEBUG] [main] [org.hibernate.SQL] .logStatement(111) | select cityentity0_.ID as ID0_0_, cityentity0_.LATE as LATE0_0_, cityentity0_.LNG as LNG0_0_, cityentity0_.NAME as NAME0_0_ from CITY cityentity0_ where cityentity0_.ID=?
2021-04-25 21:31:13,152 [DEBUG] [main] [org.hibernate.SQL] .logStatement(111) | select cityentity0_.ID as ID0_0_, cityentity0_.LATE as LATE0_0_, cityentity0_.LNG as LNG0_0_, cityentity0_.NAME as NAME0_0_ from CITY cityentity0_ where cityentity0_.ID=?
2021-04-25 21:45:13,433 [INFO] [main] [org.springframework.jdbc.datasource.init.ResourceDatabasePopulator] .executeSqlScript(159) | Executing SQL script from class path resource [db/dml_populate_db.sql]
2021-04-25 21:45:13,508 [INFO] [main] [org.springframework.jdbc.datasource.init.ResourceDatabasePopulator] .executeSqlScript(214) | Done executing SQL script from class path resource [db/dml_populate_db.sql] in 69 ms.
2021-04-25 21:45:14,152 [DEBUG] [main] [org.hibernate.SQL] .logStatement(111) | select cityentity0_.ID as ID0_, cityentity0_.LATE as LATE0_, cityentity0_.LNG as LNG0_, cityentity0_.NAME as NAME0_ from CITY cityentity0_
2021-04-25 21:46:30,913 [INFO] [main] [org.springframework.jdbc.datasource.init.ResourceDatabasePopulator] .executeSqlScript(159) | Executing SQL script from class path resource [db/dml_populate_db.sql]
2021-04-25 21:46:30,982 [INFO] [main] [org.springframework.jdbc.datasource.init.ResourceDatabasePopulator] .executeSqlScript(214) | Done executing SQL script from class path resource [db/dml_populate_db.sql] in 64 ms.
2021-04-25 21:46:31,388 [ERROR] [main] [org.hibernate.hql.PARSER] .reportError(56) | line 1:8: unexpected token: from
2021-04-25 21:46:31,634 [DEBUG] [main] [org.hibernate.SQL] .logStatement(111) | select cityentity0_.ID as ID0_, cityentity0_.LATE as LATE0_, cityentity0_.LNG as LNG0_, cityentity0_.NAME as NAME0_ from CITY cityentity0_
2021-04-25 21:46:31,727 [ERROR] [main] [org.hibernate.hql.PARSER] .reportError(56) | line 1:8: unexpected token: from
2021-04-25 21:46:31,762 [ERROR] [main] [org.hibernate.hql.PARSER] .reportError(56) | line 1:8: unexpected token: from
2021-04-25 21:46:31,796 [ERROR] [main] [org.hibernate.hql.PARSER] .reportError(56) | line 1:8: unexpected token: from
2021-04-25 21:46:31,833 [ERROR] [main] [org.hibernate.hql.PARSER] .reportError(56) | line 1:8: unexpected token: from
2021-04-25 21:48:08,381 [INFO] [main] [org.springframework.jdbc.datasource.init.ResourceDatabasePopulator] .executeSqlScript(159) | Executing SQL script from class path resource [db/dml_populate_db.sql]
2021-04-25 21:48:08,454 [INFO] [main] [org.springframework.jdbc.datasource.init.ResourceDatabasePopulator] .executeSqlScript(214) | Done executing SQL script from class path resource [db/dml_populate_db.sql] in 68 ms.
2021-04-25 21:48:09,071 [DEBUG] [main] [org.hibernate.SQL] .logStatement(111) | select cityentity0_.ID as ID0_, cityentity0_.LATE as LATE0_, cityentity0_.LNG as LNG0_, cityentity0_.NAME as NAME0_ from CITY cityentity0_
2021-04-25 22:01:26,590 [INFO] [main] [org.springframework.jdbc.datasource.init.ResourceDatabasePopulator] .executeSqlScript(159) | Executing SQL script from class path resource [db/dml_populate_db.sql]
2021-04-25 22:01:26,675 [INFO] [main] [org.springframework.jdbc.datasource.init.ResourceDatabasePopulator] .executeSqlScript(214) | Done executing SQL script from class path resource [db/dml_populate_db.sql] in 79 ms.
2021-04-25 22:01:27,275 [DEBUG] [main] [org.hibernate.SQL] .logStatement(111) | select cityentity0_.ID as ID0_, cityentity0_.LATE as LATE0_, cityentity0_.LNG as LNG0_, cityentity0_.NAME as NAME0_ from CITY cityentity0_
2021-04-25 22:09:23,290 [INFO] [main] [org.springframework.jdbc.datasource.init.ResourceDatabasePopulator] .executeSqlScript(159) | Executing SQL script from class path resource [db/dml_populate_db.sql]
2021-04-25 22:09:23,360 [INFO] [main] [org.springframework.jdbc.datasource.init.ResourceDatabasePopulator] .executeSqlScript(214) | Done executing SQL script from class path resource [db/dml_populate_db.sql] in 63 ms.
2021-04-25 22:09:23,966 [DEBUG] [main] [org.hibernate.SQL] .logStatement(111) | select cityentity0_.ID as ID0_, cityentity0_.LATE as LATE0_, cityentity0_.LNG as LNG0_, cityentity0_.NAME as NAME0_ from CITY cityentity0_ where upper(cityentity0_.ID)=upper('') limit ?
2021-04-25 22:09:24,069 [DEBUG] [main] [org.hibernate.SQL] .logStatement(111) | select cityentity0_.ID as ID0_, cityentity0_.LATE as LATE0_, cityentity0_.LNG as LNG0_, cityentity0_.NAME as NAME0_ from CITY cityentity0_
2021-04-25 22:09:24,125 [DEBUG] [main] [org.hibernate.SQL] .logStatement(111) | select cityentity0_.ID as ID0_, cityentity0_.LATE as LATE0_, cityentity0_.LNG as LNG0_, cityentity0_.NAME as NAME0_ from CITY cityentity0_ where upper(cityentity0_.ID)=upper('bx') limit ?
2021-04-25 22:09:24,146 [DEBUG] [main] [org.hibernate.SQL] .logStatement(111) | select cityentity0_.ID as ID0_0_, cityentity0_.LATE as LATE0_0_, cityentity0_.LNG as LNG0_0_, cityentity0_.NAME as NAME0_0_ from CITY cityentity0_ where cityentity0_.ID=?
2021-04-25 22:09:24,250 [DEBUG] [main] [org.hibernate.SQL] .logStatement(111) | insert into CITY (LATE, LNG, NAME, ID) values (?, ?, ?, ?)
2021-04-25 22:09:24,263 [DEBUG] [main] [org.hibernate.SQL] .logStatement(111) | select cityentity0_.ID as ID0_, cityentity0_.LATE as LATE0_, cityentity0_.LNG as LNG0_, cityentity0_.NAME as NAME0_ from CITY cityentity0_ where upper(cityentity0_.ID)=upper('bx') limit ?
2021-04-25 22:09:24,272 [DEBUG] [main] [org.hibernate.SQL] .logStatement(111) | select cityentity0_.ID as ID0_, cityentity0_.LATE as LATE0_, cityentity0_.LNG as LNG0_, cityentity0_.NAME as NAME0_ from CITY cityentity0_ where upper(cityentity0_.ID)=upper('') limit ?
2021-04-25 22:09:24,347 [DEBUG] [main] [org.hibernate.SQL] .logStatement(111) | select cityentity0_.ID as ID0_, cityentity0_.LATE as LATE0_, cityentity0_.LNG as LNG0_, cityentity0_.NAME as NAME0_ from CITY cityentity0_ where upper(cityentity0_.ID)=upper('MI') limit ?
2021-04-25 22:09:24,373 [DEBUG] [main] [org.hibernate.SQL] .logStatement(111) | insert into CITY (LATE, LNG, NAME, ID) values (?, ?, ?, ?)
2021-04-25 22:09:24,375 [DEBUG] [main] [org.hibernate.SQL] .logStatement(111) | select cityentity0_.ID as ID0_, cityentity0_.LATE as LATE0_, cityentity0_.LNG as LNG0_, cityentity0_.NAME as NAME0_ from CITY cityentity0_ where upper(cityentity0_.ID)=upper('NC') limit ?
2021-04-25 22:09:24,393 [DEBUG] [main] [org.hibernate.SQL] .logStatement(111) | select cityentity0_.ID as ID0_, cityentity0_.LATE as LATE0_, cityentity0_.LNG as LNG0_, cityentity0_.NAME as NAME0_ from CITY cityentity0_ where upper(cityentity0_.ID)=upper('pa') limit ?
2021-04-25 22:09:24,421 [DEBUG] [main] [org.hibernate.SQL] .logStatement(111) | delete from CITY where ID=?
2021-04-25 22:09:24,428 [DEBUG] [main] [org.hibernate.SQL] .logStatement(111) | select cityentity0_.ID as ID0_, cityentity0_.LATE as LATE0_, cityentity0_.LNG as LNG0_, cityentity0_.NAME as NAME0_ from CITY cityentity0_ where upper(cityentity0_.ID)=upper('pa') limit ?
2021-04-25 22:09:24,442 [DEBUG] [main] [org.hibernate.SQL] .logStatement(111) | insert into CITY (LATE, LNG, NAME, ID) values (?, ?, ?, ?)
2021-04-25 22:09:24,447 [DEBUG] [main] [org.hibernate.SQL] .logStatement(111) | select cityentity0_.ID as ID0_, cityentity0_.LATE as LATE0_, cityentity0_.LNG as LNG0_, cityentity0_.NAME as NAME0_ from CITY cityentity0_ where upper(cityentity0_.ID)=upper('NC') limit ?
2021-04-25 22:09:24,450 [DEBUG] [main] [org.hibernate.SQL] .logStatement(111) | select cityentity0_.ID as ID0_0_, cityentity0_.LATE as LATE0_0_, cityentity0_.LNG as LNG0_0_, cityentity0_.NAME as NAME0_0_ from CITY cityentity0_ where cityentity0_.ID=?
2021-04-25 22:09:24,465 [DEBUG] [main] [org.hibernate.SQL] .logStatement(111) | insert into CITY (LATE, LNG, NAME, ID) values (?, ?, ?, ?)
2021-04-25 22:09:24,469 [DEBUG] [main] [org.hibernate.SQL] .logStatement(111) | select cityentity0_.ID as ID0_, cityentity0_.LATE as LATE0_, cityentity0_.LNG as LNG0_, cityentity0_.NAME as NAME0_ from CITY cityentity0_ where upper(cityentity0_.ID)=upper('UC') limit ?
2021-04-25 22:09:24,472 [DEBUG] [main] [org.hibernate.SQL] .logStatement(111) | select cityentity0_.ID as ID0_, cityentity0_.LATE as LATE0_, cityentity0_.LNG as LNG0_, cityentity0_.NAME as NAME0_ from CITY cityentity0_ where upper(cityentity0_.ID)=upper('UC') limit ?
2021-04-25 22:09:24,477 [DEBUG] [main] [org.hibernate.SQL] .logStatement(111) | delete from CITY where ID=?
2021-04-25 22:09:24,483 [DEBUG] [main] [org.hibernate.SQL] .logStatement(111) | select cityentity0_.ID as ID0_, cityentity0_.LATE as LATE0_, cityentity0_.LNG as LNG0_, cityentity0_.NAME as NAME0_ from CITY cityentity0_ where upper(cityentity0_.ID)=upper('UC') limit ?
2021-04-25 22:38:31,722 [INFO] [main] [org.springframework.jdbc.datasource.init.ResourceDatabasePopulator] .executeSqlScript(159) | Executing SQL script from class path resource [db/dml_populate_db.sql]
2021-04-25 22:38:31,862 [INFO] [main] [org.springframework.jdbc.datasource.init.ResourceDatabasePopulator] .executeSqlScript(214) | Done executing SQL script from class path resource [db/dml_populate_db.sql] in 121 ms.
2021-04-25 22:38:32,796 [DEBUG] [main] [org.hibernate.SQL] .logStatement(111) | select cityentity0_.ID as ID0_, cityentity0_.LATE as LATE0_, cityentity0_.LNG as LNG0_, cityentity0_.NAME as NAME0_ from CITY cityentity0_
2021-04-25 22:38:32,968 [DEBUG] [main] [org.hibernate.SQL] .logStatement(111) | select cityentity0_.ID as ID0_, cityentity0_.LATE as LATE0_, cityentity0_.LNG as LNG0_, cityentity0_.NAME as NAME0_ from CITY cityentity0_ where upper(cityentity0_.ID)=upper('bx') limit ?
2021-04-25 22:38:33,002 [DEBUG] [main] [org.hibernate.SQL] .logStatement(111) | select cityentity0_.ID as ID0_0_, cityentity0_.LATE as LATE0_0_, cityentity0_.LNG as LNG0_0_, cityentity0_.NAME as NAME0_0_ from CITY cityentity0_ where cityentity0_.ID=?
2021-04-25 22:38:33,084 [DEBUG] [main] [org.hibernate.SQL] .logStatement(111) | insert into CITY (LATE, LNG, NAME, ID) values (?, ?, ?, ?)
2021-04-25 22:38:33,096 [DEBUG] [main] [org.hibernate.SQL] .logStatement(111) | select cityentity0_.ID as ID0_, cityentity0_.LATE as LATE0_, cityentity0_.LNG as LNG0_, cityentity0_.NAME as NAME0_ from CITY cityentity0_ where upper(cityentity0_.ID)=upper('bx') limit ?
2021-04-25 22:38:33,268 [DEBUG] [main] [org.hibernate.SQL] .logStatement(111) | select cityentity0_.ID as ID0_, cityentity0_.LATE as LATE0_, cityentity0_.LNG as LNG0_, cityentity0_.NAME as NAME0_ from CITY cityentity0_ where upper(cityentity0_.ID)=upper('MI') limit ?
2021-04-25 22:38:33,303 [DEBUG] [main] [org.hibernate.SQL] .logStatement(111) | insert into CITY (LATE, LNG, NAME, ID) values (?, ?, ?, ?)
2021-04-25 22:38:33,305 [DEBUG] [main] [org.hibernate.SQL] .logStatement(111) | select cityentity0_.ID as ID0_, cityentity0_.LATE as LATE0_, cityentity0_.LNG as LNG0_, cityentity0_.NAME as NAME0_ from CITY cityentity0_ where upper(cityentity0_.ID)=upper('NC') limit ?
2021-04-25 22:38:33,327 [DEBUG] [main] [org.hibernate.SQL] .logStatement(111) | select cityentity0_.ID as ID0_, cityentity0_.LATE as LATE0_, cityentity0_.LNG as LNG0_, cityentity0_.NAME as NAME0_ from CITY cityentity0_ where upper(cityentity0_.ID)=upper('pa') limit ?
2021-04-25 22:38:33,337 [DEBUG] [main] [org.hibernate.SQL] .logStatement(111) | delete from CITY where ID=?
2021-04-25 22:38:33,343 [DEBUG] [main] [org.hibernate.SQL] .logStatement(111) | select cityentity0_.ID as ID0_, cityentity0_.LATE as LATE0_, cityentity0_.LNG as LNG0_, cityentity0_.NAME as NAME0_ from CITY cityentity0_ where upper(cityentity0_.ID)=upper('pa') limit ?
2021-04-25 22:38:33,354 [DEBUG] [main] [org.hibernate.SQL] .logStatement(111) | insert into CITY (LATE, LNG, NAME, ID) values (?, ?, ?, ?)
2021-04-25 22:38:33,356 [DEBUG] [main] [org.hibernate.SQL] .logStatement(111) | select cityentity0_.ID as ID0_, cityentity0_.LATE as LATE0_, cityentity0_.LNG as LNG0_, cityentity0_.NAME as NAME0_ from CITY cityentity0_ where upper(cityentity0_.ID)=upper('NC') limit ?
2021-04-25 22:38:33,359 [DEBUG] [main] [org.hibernate.SQL] .logStatement(111) | select cityentity0_.ID as ID0_0_, cityentity0_.LATE as LATE0_0_, cityentity0_.LNG as LNG0_0_, cityentity0_.NAME as NAME0_0_ from CITY cityentity0_ where cityentity0_.ID=?
2021-04-25 22:38:33,375 [DEBUG] [main] [org.hibernate.SQL] .logStatement(111) | insert into CITY (LATE, LNG, NAME, ID) values (?, ?, ?, ?)
2021-04-25 22:38:33,409 [DEBUG] [main] [org.hibernate.SQL] .logStatement(111) | select cityentity0_.ID as ID0_, cityentity0_.LATE as LATE0_, cityentity0_.LNG as LNG0_, cityentity0_.NAME as NAME0_ from CITY cityentity0_ where upper(cityentity0_.ID)=upper('UC') limit ?
2021-04-25 22:38:33,421 [DEBUG] [main] [org.hibernate.SQL] .logStatement(111) | select cityentity0_.ID as ID0_, cityentity0_.LATE as LATE0_, cityentity0_.LNG as LNG0_, cityentity0_.NAME as NAME0_ from CITY cityentity0_ where upper(cityentity0_.ID)=upper('UC') limit ?
2021-04-25 22:38:33,424 [DEBUG] [main] [org.hibernate.SQL] .logStatement(111) | delete from CITY where ID=?
2021-04-25 22:38:33,427 [DEBUG] [main] [org.hibernate.SQL] .logStatement(111) | select cityentity0_.ID as ID0_, cityentity0_.LATE as LATE0_, cityentity0_.LNG as LNG0_, cityentity0_.NAME as NAME0_ from CITY cityentity0_ where upper(cityentity0_.ID)=upper('UC') limit ?
2021-04-25 22:42:24,249 [INFO] [main] [org.springframework.jdbc.datasource.init.ResourceDatabasePopulator] .executeSqlScript(159) | Executing SQL script from class path resource [db/dml_populate_db.sql]
2021-04-25 22:42:24,308 [INFO] [main] [org.springframework.jdbc.datasource.init.ResourceDatabasePopulator] .executeSqlScript(214) | Done executing SQL script from class path resource [db/dml_populate_db.sql] in 53 ms.
2021-04-25 22:42:24,961 [DEBUG] [main] [org.hibernate.SQL] .logStatement(111) | select cityentity0_.ID as ID0_, cityentity0_.LATE as LATE0_, cityentity0_.LNG as LNG0_, cityentity0_.NAME as NAME0_ from CITY cityentity0_
2021-04-25 22:42:25,084 [DEBUG] [main] [org.hibernate.SQL] .logStatement(111) | select cityentity0_.ID as ID0_, cityentity0_.LATE as LATE0_, cityentity0_.LNG as LNG0_, cityentity0_.NAME as NAME0_ from CITY cityentity0_ where upper(cityentity0_.ID)=upper('bx') limit ?
2021-04-25 22:42:25,099 [DEBUG] [main] [org.hibernate.SQL] .logStatement(111) | select cityentity0_.ID as ID0_0_, cityentity0_.LATE as LATE0_0_, cityentity0_.LNG as LNG0_0_, cityentity0_.NAME as NAME0_0_ from CITY cityentity0_ where cityentity0_.ID=?
2021-04-25 22:42:25,151 [DEBUG] [main] [org.hibernate.SQL] .logStatement(111) | insert into CITY (LATE, LNG, NAME, ID) values (?, ?, ?, ?)
2021-04-25 22:42:25,160 [DEBUG] [main] [org.hibernate.SQL] .logStatement(111) | select cityentity0_.ID as ID0_, cityentity0_.LATE as LATE0_, cityentity0_.LNG as LNG0_, cityentity0_.NAME as NAME0_ from CITY cityentity0_ where upper(cityentity0_.ID)=upper('UC') limit ?
2021-04-25 22:42:25,183 [DEBUG] [main] [org.hibernate.SQL] .logStatement(111) | select cityentity0_.ID as ID0_, cityentity0_.LATE as LATE0_, cityentity0_.LNG as LNG0_, cityentity0_.NAME as NAME0_ from CITY cityentity0_ where upper(cityentity0_.ID)=upper('MI') limit ?
2021-04-25 22:42:25,224 [DEBUG] [main] [org.hibernate.SQL] .logStatement(111) | insert into CITY (LATE, LNG, NAME, ID) values (?, ?, ?, ?)
2021-04-25 22:42:25,228 [DEBUG] [main] [org.hibernate.SQL] .logStatement(111) | select cityentity0_.ID as ID0_, cityentity0_.LATE as LATE0_, cityentity0_.LNG as LNG0_, cityentity0_.NAME as NAME0_ from CITY cityentity0_ where upper(cityentity0_.ID)=upper('NC') limit ?
2021-04-25 22:42:25,245 [DEBUG] [main] [org.hibernate.SQL] .logStatement(111) | select cityentity0_.ID as ID0_, cityentity0_.LATE as LATE0_, cityentity0_.LNG as LNG0_, cityentity0_.NAME as NAME0_ from CITY cityentity0_ where upper(cityentity0_.ID)=upper('pa') limit ?
2021-04-25 22:42:25,259 [DEBUG] [main] [org.hibernate.SQL] .logStatement(111) | delete from CITY where ID=?
2021-04-25 22:42:25,269 [DEBUG] [main] [org.hibernate.SQL] .logStatement(111) | select cityentity0_.ID as ID0_, cityentity0_.LATE as LATE0_, cityentity0_.LNG as LNG0_, cityentity0_.NAME as NAME0_ from CITY cityentity0_ where upper(cityentity0_.ID)=upper('pa') limit ?
2021-04-25 22:42:25,334 [DEBUG] [main] [org.hibernate.SQL] .logStatement(111) | insert into CITY (LATE, LNG, NAME, ID) values (?, ?, ?, ?)
2021-04-25 22:42:25,336 [DEBUG] [main] [org.hibernate.SQL] .logStatement(111) | select cityentity0_.ID as ID0_, cityentity0_.LATE as LATE0_, cityentity0_.LNG as LNG0_, cityentity0_.NAME as NAME0_ from CITY cityentity0_ where upper(cityentity0_.ID)=upper('NC') limit ?
2021-04-25 22:42:25,341 [DEBUG] [main] [org.hibernate.SQL] .logStatement(111) | select cityentity0_.ID as ID0_0_, cityentity0_.LATE as LATE0_0_, cityentity0_.LNG as LNG0_0_, cityentity0_.NAME as NAME0_0_ from CITY cityentity0_ where cityentity0_.ID=?
2021-04-25 22:42:25,347 [DEBUG] [main] [org.hibernate.SQL] .logStatement(111) | insert into CITY (LATE, LNG, NAME, ID) values (?, ?, ?, ?)
2021-04-25 22:42:25,349 [DEBUG] [main] [org.hibernate.SQL] .logStatement(111) | select cityentity0_.ID as ID0_, cityentity0_.LATE as LATE0_, cityentity0_.LNG as LNG0_, cityentity0_.NAME as NAME0_ from CITY cityentity0_ where upper(cityentity0_.ID)=upper('UC') limit ?
2021-04-25 22:42:25,352 [DEBUG] [main] [org.hibernate.SQL] .logStatement(111) | select cityentity0_.ID as ID0_, cityentity0_.LATE as LATE0_, cityentity0_.LNG as LNG0_, cityentity0_.NAME as NAME0_ from CITY cityentity0_ where upper(cityentity0_.ID)=upper('UC') limit ?
2021-04-25 22:42:25,356 [DEBUG] [main] [org.hibernate.SQL] .logStatement(111) | delete from CITY where ID=?
2021-04-25 22:42:25,361 [DEBUG] [main] [org.hibernate.SQL] .logStatement(111) | select cityentity0_.ID as ID0_, cityentity0_.LATE as LATE0_, cityentity0_.LNG as LNG0_, cityentity0_.NAME as NAME0_ from CITY cityentity0_ where upper(cityentity0_.ID)=upper('UC') limit ?
2021-04-25 22:46:08,657 [INFO] [main] [org.springframework.jdbc.datasource.init.ResourceDatabasePopulator] .executeSqlScript(159) | Executing SQL script from class path resource [db/dml_populate_db.sql]
2021-04-25 22:46:08,723 [INFO] [main] [org.springframework.jdbc.datasource.init.ResourceDatabasePopulator] .executeSqlScript(214) | Done executing SQL script from class path resource [db/dml_populate_db.sql] in 60 ms.
2021-04-25 22:46:09,331 [DEBUG] [main] [org.hibernate.SQL] .logStatement(111) | select cityentity0_.ID as ID0_, cityentity0_.LATE as LATE0_, cityentity0_.LNG as LNG0_, cityentity0_.NAME as NAME0_ from CITY cityentity0_
2021-04-25 22:46:09,456 [DEBUG] [main] [org.hibernate.SQL] .logStatement(111) | select cityentity0_.ID as ID0_, cityentity0_.LATE as LATE0_, cityentity0_.LNG as LNG0_, cityentity0_.NAME as NAME0_ from CITY cityentity0_ where upper(cityentity0_.ID)=upper('bx') limit ?
2021-04-25 22:46:09,467 [DEBUG] [main] [org.hibernate.SQL] .logStatement(111) | select cityentity0_.ID as ID0_0_, cityentity0_.LATE as LATE0_0_, cityentity0_.LNG as LNG0_0_, cityentity0_.NAME as NAME0_0_ from CITY cityentity0_ where cityentity0_.ID=?
2021-04-25 22:46:09,542 [DEBUG] [main] [org.hibernate.SQL] .logStatement(111) | insert into CITY (LATE, LNG, NAME, ID) values (?, ?, ?, ?)
2021-04-25 22:46:09,555 [DEBUG] [main] [org.hibernate.SQL] .logStatement(111) | select cityentity0_.ID as ID0_, cityentity0_.LATE as LATE0_, cityentity0_.LNG as LNG0_, cityentity0_.NAME as NAME0_ from CITY cityentity0_ where upper(cityentity0_.ID)=upper('UC') limit ?
2021-04-25 22:46:09,578 [DEBUG] [main] [org.hibernate.SQL] .logStatement(111) | select cityentity0_.ID as ID0_, cityentity0_.LATE as LATE0_, cityentity0_.LNG as LNG0_, cityentity0_.NAME as NAME0_ from CITY cityentity0_ where upper(cityentity0_.ID)=upper('MI') limit ?
2021-04-25 22:46:09,603 [DEBUG] [main] [org.hibernate.SQL] .logStatement(111) | insert into CITY (LATE, LNG, NAME, ID) values (?, ?, ?, ?)
2021-04-25 22:46:09,606 [DEBUG] [main] [org.hibernate.SQL] .logStatement(111) | select cityentity0_.ID as ID0_, cityentity0_.LATE as LATE0_, cityentity0_.LNG as LNG0_, cityentity0_.NAME as NAME0_ from CITY cityentity0_ where upper(cityentity0_.ID)=upper('NC') limit ?
2021-04-25 22:46:09,632 [DEBUG] [main] [org.hibernate.SQL] .logStatement(111) | select cityentity0_.ID as ID0_, cityentity0_.LATE as LATE0_, cityentity0_.LNG as LNG0_, cityentity0_.NAME as NAME0_ from CITY cityentity0_ where upper(cityentity0_.ID)=upper('pa') limit ?
2021-04-25 22:46:09,640 [DEBUG] [main] [org.hibernate.SQL] .logStatement(111) | delete from CITY where ID=?
2021-04-25 22:46:09,646 [DEBUG] [main] [org.hibernate.SQL] .logStatement(111) | select cityentity0_.ID as ID0_, cityentity0_.LATE as LATE0_, cityentity0_.LNG as LNG0_, cityentity0_.NAME as NAME0_ from CITY cityentity0_ where upper(cityentity0_.ID)=upper('pa') limit ?
2021-04-25 22:46:09,671 [DEBUG] [main] [org.hibernate.SQL] .logStatement(111) | insert into CITY (LATE, LNG, NAME, ID) values (?, ?, ?, ?)
2021-04-25 22:46:09,673 [DEBUG] [main] [org.hibernate.SQL] .logStatement(111) | select cityentity0_.ID as ID0_, cityentity0_.LATE as LATE0_, cityentity0_.LNG as LNG0_, cityentity0_.NAME as NAME0_ from CITY cityentity0_ where upper(cityentity0_.ID)=upper('NC') limit ?
2021-04-25 22:46:09,687 [DEBUG] [main] [org.hibernate.SQL] .logStatement(111) | select cityentity0_.ID as ID0_0_, cityentity0_.LATE as LATE0_0_, cityentity0_.LNG as LNG0_0_, cityentity0_.NAME as NAME0_0_ from CITY cityentity0_ where cityentity0_.ID=?
2021-04-25 22:46:09,703 [DEBUG] [main] [org.hibernate.SQL] .logStatement(111) | insert into CITY (LATE, LNG, NAME, ID) values (?, ?, ?, ?)
2021-04-25 22:46:09,708 [DEBUG] [main] [org.hibernate.SQL] .logStatement(111) | select cityentity0_.ID as ID0_, cityentity0_.LATE as LATE0_, cityentity0_.LNG as LNG0_, cityentity0_.NAME as NAME0_ from CITY cityentity0_ where upper(cityentity0_.ID)=upper('UC') limit ?
2021-04-25 22:46:09,721 [DEBUG] [main] [org.hibernate.SQL] .logStatement(111) | select cityentity0_.ID as ID0_, cityentity0_.LATE as LATE0_, cityentity0_.LNG as LNG0_, cityentity0_.NAME as NAME0_ from CITY cityentity0_ where upper(cityentity0_.ID)=upper('UC') limit ?
2021-04-25 22:46:09,725 [DEBUG] [main] [org.hibernate.SQL] .logStatement(111) | delete from CITY where ID=?
2021-04-25 22:46:09,731 [DEBUG] [main] [org.hibernate.SQL] .logStatement(111) | select cityentity0_.ID as ID0_, cityentity0_.LATE as LATE0_, cityentity0_.LNG as LNG0_, cityentity0_.NAME as NAME0_ from CITY cityentity0_ where upper(cityentity0_.ID)=upper('UC') limit ?
2021-04-25 23:04:33,287 [INFO] [main] [org.springframework.jdbc.datasource.init.ResourceDatabasePopulator] .executeSqlScript(159) | Executing SQL script from class path resource [db/dml_populate_db.sql]
2021-04-25 23:04:33,447 [INFO] [main] [org.springframework.jdbc.datasource.init.ResourceDatabasePopulator] .executeSqlScript(214) | Done executing SQL script from class path resource [db/dml_populate_db.sql] in 137 ms.
2021-04-25 23:04:34,254 [DEBUG] [main] [org.hibernate.SQL] .logStatement(111) | select cityentity0_.ID as ID0_, cityentity0_.LATE as LATE0_, cityentity0_.LNG as LNG0_, cityentity0_.NAME as NAME0_ from CITY cityentity0_ where upper(cityentity0_.ID)=upper('') limit ?
2021-04-25 23:04:34,380 [DEBUG] [main] [org.hibernate.SQL] .logStatement(111) | select cityentity0_.ID as ID0_, cityentity0_.LATE as LATE0_, cityentity0_.LNG as LNG0_, cityentity0_.NAME as NAME0_ from CITY cityentity0_
2021-04-25 23:04:34,415 [DEBUG] [main] [org.hibernate.SQL] .logStatement(111) | select cityentity0_.ID as ID0_, cityentity0_.LATE as LATE0_, cityentity0_.LNG as LNG0_, cityentity0_.NAME as NAME0_ from CITY cityentity0_ where upper(cityentity0_.ID)=upper('bx') limit ?
2021-04-25 23:04:34,443 [DEBUG] [main] [org.hibernate.SQL] .logStatement(111) | select cityentity0_.ID as ID0_0_, cityentity0_.LATE as LATE0_0_, cityentity0_.LNG as LNG0_0_, cityentity0_.NAME as NAME0_0_ from CITY cityentity0_ where cityentity0_.ID=?
2021-04-25 23:04:34,499 [DEBUG] [main] [org.hibernate.SQL] .logStatement(111) | insert into CITY (LATE, LNG, NAME, ID) values (?, ?, ?, ?)
2021-04-25 23:04:34,506 [DEBUG] [main] [org.hibernate.SQL] .logStatement(111) | select cityentity0_.ID as ID0_, cityentity0_.LATE as LATE0_, cityentity0_.LNG as LNG0_, cityentity0_.NAME as NAME0_ from CITY cityentity0_ where upper(cityentity0_.ID)=upper('UC') limit ?
2021-04-25 23:04:34,535 [DEBUG] [main] [org.hibernate.SQL] .logStatement(111) | select cityentity0_.ID as ID0_, cityentity0_.LATE as LATE0_, cityentity0_.LNG as LNG0_, cityentity0_.NAME as NAME0_ from CITY cityentity0_ where upper(cityentity0_.ID)=upper('MI') limit ?
2021-04-25 23:04:34,604 [DEBUG] [main] [org.hibernate.SQL] .logStatement(111) | insert into CITY (LATE, LNG, NAME, ID) values (?, ?, ?, ?)
2021-04-25 23:04:34,607 [DEBUG] [main] [org.hibernate.SQL] .logStatement(111) | select cityentity0_.ID as ID0_, cityentity0_.LATE as LATE0_, cityentity0_.LNG as LNG0_, cityentity0_.NAME as NAME0_ from CITY cityentity0_ where upper(cityentity0_.ID)=upper('NC') limit ?
2021-04-25 23:04:34,631 [DEBUG] [main] [org.hibernate.SQL] .logStatement(111) | select cityentity0_.ID as ID0_, cityentity0_.LATE as LATE0_, cityentity0_.LNG as LNG0_, cityentity0_.NAME as NAME0_ from CITY cityentity0_ where upper(cityentity0_.ID)=upper('pa') limit ?
2021-04-25 23:04:34,640 [DEBUG] [main] [org.hibernate.SQL] .logStatement(111) | delete from CITY where ID=?
2021-04-25 23:04:34,647 [DEBUG] [main] [org.hibernate.SQL] .logStatement(111) | select cityentity0_.ID as ID0_, cityentity0_.LATE as LATE0_, cityentity0_.LNG as LNG0_, cityentity0_.NAME as NAME0_ from CITY cityentity0_ where upper(cityentity0_.ID)=upper('pa') limit ?
2021-04-25 23:04:34,661 [DEBUG] [main] [org.hibernate.SQL] .logStatement(111) | insert into CITY (LATE, LNG, NAME, ID) values (?, ?, ?, ?)
2021-04-25 23:04:34,663 [DEBUG] [main] [org.hibernate.SQL] .logStatement(111) | select cityentity0_.ID as ID0_, cityentity0_.LATE as LATE0_, cityentity0_.LNG as LNG0_, cityentity0_.NAME as NAME0_ from CITY cityentity0_ where upper(cityentity0_.ID)=upper('NC') limit ?
2021-04-25 23:04:34,668 [DEBUG] [main] [org.hibernate.SQL] .logStatement(111) | select cityentity0_.ID as ID0_0_, cityentity0_.LATE as LATE0_0_, cityentity0_.LNG as LNG0_0_, cityentity0_.NAME as NAME0_0_ from CITY cityentity0_ where cityentity0_.ID=?
2021-04-25 23:04:34,672 [DEBUG] [main] [org.hibernate.SQL] .logStatement(111) | insert into CITY (LATE, LNG, NAME, ID) values (?, ?, ?, ?)
2021-04-25 23:04:34,674 [DEBUG] [main] [org.hibernate.SQL] .logStatement(111) | select cityentity0_.ID as ID0_, cityentity0_.LATE as LATE0_, cityentity0_.LNG as LNG0_, cityentity0_.NAME as NAME0_ from CITY cityentity0_ where upper(cityentity0_.ID)=upper('UC') limit ?
2021-04-25 23:04:34,679 [DEBUG] [main] [org.hibernate.SQL] .logStatement(111) | select cityentity0_.ID as ID0_, cityentity0_.LATE as LATE0_, cityentity0_.LNG as LNG0_, cityentity0_.NAME as NAME0_ from CITY cityentity0_ where upper(cityentity0_.ID)=upper('UC') limit ?
2021-04-25 23:04:34,681 [DEBUG] [main] [org.hibernate.SQL] .logStatement(111) | delete from CITY where ID=?
2021-04-25 23:04:34,683 [DEBUG] [main] [org.hibernate.SQL] .logStatement(111) | select cityentity0_.ID as ID0_, cityentity0_.LATE as LATE0_, cityentity0_.LNG as LNG0_, cityentity0_.NAME as NAME0_ from CITY cityentity0_ where upper(cityentity0_.ID)=upper('UC') limit ?
2021-04-25 23:14:44,843 [INFO] [main] [org.springframework.jdbc.datasource.init.ResourceDatabasePopulator] .executeSqlScript(159) | Executing SQL script from class path resource [db/dml_populate_db.sql]
2021-04-25 23:14:44,908 [INFO] [main] [org.springframework.jdbc.datasource.init.ResourceDatabasePopulator] .executeSqlScript(214) | Done executing SQL script from class path resource [db/dml_populate_db.sql] in 61 ms.
2021-04-25 23:14:45,506 [DEBUG] [main] [org.hibernate.SQL] .logStatement(111) | select cityentity0_.ID as ID0_, cityentity0_.LATE as LATE0_, cityentity0_.LNG as LNG0_, cityentity0_.NAME as NAME0_ from CITY cityentity0_ where upper(cityentity0_.ID)=upper('') limit ?
2021-04-25 23:14:45,599 [DEBUG] [main] [org.hibernate.SQL] .logStatement(111) | select cityentity0_.ID as ID0_, cityentity0_.LATE as LATE0_, cityentity0_.LNG as LNG0_, cityentity0_.NAME as NAME0_ from CITY cityentity0_
2021-04-25 23:14:45,628 [DEBUG] [main] [org.hibernate.SQL] .logStatement(111) | select cityentity0_.ID as ID0_, cityentity0_.LATE as LATE0_, cityentity0_.LNG as LNG0_, cityentity0_.NAME as NAME0_ from CITY cityentity0_ where upper(cityentity0_.ID)=upper('bx') limit ?
2021-04-25 23:14:45,645 [DEBUG] [main] [org.hibernate.SQL] .logStatement(111) | select cityentity0_.ID as ID0_0_, cityentity0_.LATE as LATE0_0_, cityentity0_.LNG as LNG0_0_, cityentity0_.NAME as NAME0_0_ from CITY cityentity0_ where cityentity0_.ID=?
2021-04-25 23:14:45,716 [DEBUG] [main] [org.hibernate.SQL] .logStatement(111) | insert into CITY (LATE, LNG, NAME, ID) values (?, ?, ?, ?)
2021-04-25 23:14:45,722 [DEBUG] [main] [org.hibernate.SQL] .logStatement(111) | select cityentity0_.ID as ID0_, cityentity0_.LATE as LATE0_, cityentity0_.LNG as LNG0_, cityentity0_.NAME as NAME0_ from CITY cityentity0_ where upper(cityentity0_.ID)=upper('UC') limit ?
2021-04-25 23:14:45,732 [DEBUG] [main] [org.hibernate.SQL] .logStatement(111) | select cityentity0_.ID as ID0_, cityentity0_.LATE as LATE0_, cityentity0_.LNG as LNG0_, cityentity0_.NAME as NAME0_ from CITY cityentity0_ where upper(cityentity0_.ID)=upper('') limit ?
2021-04-25 23:14:45,748 [DEBUG] [main] [org.hibernate.SQL] .logStatement(111) | select cityentity0_.ID as ID0_, cityentity0_.LATE as LATE0_, cityentity0_.LNG as LNG0_, cityentity0_.NAME as NAME0_ from CITY cityentity0_ where upper(cityentity0_.ID)=upper('MI') limit ?
2021-04-25 23:14:45,781 [DEBUG] [main] [org.hibernate.SQL] .logStatement(111) | insert into CITY (LATE, LNG, NAME, ID) values (?, ?, ?, ?)
2021-04-25 23:14:45,784 [DEBUG] [main] [org.hibernate.SQL] .logStatement(111) | select cityentity0_.ID as ID0_, cityentity0_.LATE as LATE0_, cityentity0_.LNG as LNG0_, cityentity0_.NAME as NAME0_ from CITY cityentity0_ where upper(cityentity0_.ID)=upper('NC') limit ?
2021-04-25 23:14:45,799 [DEBUG] [main] [org.hibernate.SQL] .logStatement(111) | select cityentity0_.ID as ID0_, cityentity0_.LATE as LATE0_, cityentity0_.LNG as LNG0_, cityentity0_.NAME as NAME0_ from CITY cityentity0_ where upper(cityentity0_.ID)=upper('pa') limit ?
2021-04-25 23:14:45,808 [DEBUG] [main] [org.hibernate.SQL] .logStatement(111) | delete from CITY where ID=?
2021-04-25 23:14:45,814 [DEBUG] [main] [org.hibernate.SQL] .logStatement(111) | select cityentity0_.ID as ID0_, cityentity0_.LATE as LATE0_, cityentity0_.LNG as LNG0_, cityentity0_.NAME as NAME0_ from CITY cityentity0_ where upper(cityentity0_.ID)=upper('pa') limit ?
2021-04-25 23:14:45,823 [DEBUG] [main] [org.hibernate.SQL] .logStatement(111) | insert into CITY (LATE, LNG, NAME, ID) values (?, ?, ?, ?)
2021-04-25 23:14:45,833 [DEBUG] [main] [org.hibernate.SQL] .logStatement(111) | select cityentity0_.ID as ID0_, cityentity0_.LATE as LATE0_, cityentity0_.LNG as LNG0_, cityentity0_.NAME as NAME0_ from CITY cityentity0_ where upper(cityentity0_.ID)=upper('NC') limit ?
2021-04-25 23:14:45,843 [DEBUG] [main] [org.hibernate.SQL] .logStatement(111) | select cityentity0_.ID as ID0_0_, cityentity0_.LATE as LATE0_0_, cityentity0_.LNG as LNG0_0_, cityentity0_.NAME as NAME0_0_ from CITY cityentity0_ where cityentity0_.ID=?
2021-04-25 23:14:45,853 [DEBUG] [main] [org.hibernate.SQL] .logStatement(111) | insert into CITY (LATE, LNG, NAME, ID) values (?, ?, ?, ?)
2021-04-25 23:14:45,857 [DEBUG] [main] [org.hibernate.SQL] .logStatement(111) | select cityentity0_.ID as ID0_, cityentity0_.LATE as LATE0_, cityentity0_.LNG as LNG0_, cityentity0_.NAME as NAME0_ from CITY cityentity0_ where upper(cityentity0_.ID)=upper('UC') limit ?
2021-04-25 23:14:45,866 [DEBUG] [main] [org.hibernate.SQL] .logStatement(111) | select cityentity0_.ID as ID0_, cityentity0_.LATE as LATE0_, cityentity0_.LNG as LNG0_, cityentity0_.NAME as NAME0_ from CITY cityentity0_ where upper(cityentity0_.ID)=upper('UC') limit ?
2021-04-25 23:14:45,873 [DEBUG] [main] [org.hibernate.SQL] .logStatement(111) | delete from CITY where ID=?
2021-04-25 23:14:45,888 [DEBUG] [main] [org.hibernate.SQL] .logStatement(111) | select cityentity0_.ID as ID0_, cityentity0_.LATE as LATE0_, cityentity0_.LNG as LNG0_, cityentity0_.NAME as NAME0_ from CITY cityentity0_ where upper(cityentity0_.ID)=upper('UC') limit ?
2021-04-25 23:16:17,612 [INFO] [main] [org.springframework.jdbc.datasource.init.ResourceDatabasePopulator] .executeSqlScript(159) | Executing SQL script from class path resource [db/dml_populate_db.sql]
2021-04-25 23:16:17,682 [INFO] [main] [org.springframework.jdbc.datasource.init.ResourceDatabasePopulator] .executeSqlScript(214) | Done executing SQL script from class path resource [db/dml_populate_db.sql] in 65 ms.
2021-04-25 23:16:18,330 [DEBUG] [main] [org.hibernate.SQL] .logStatement(111) | select cityentity0_.ID as ID0_, cityentity0_.LATE as LATE0_, cityentity0_.LNG as LNG0_, cityentity0_.NAME as NAME0_ from CITY cityentity0_ where upper(cityentity0_.ID)=upper('') limit ?
2021-04-25 23:16:18,421 [DEBUG] [main] [org.hibernate.SQL] .logStatement(111) | select cityentity0_.ID as ID0_, cityentity0_.LATE as LATE0_, cityentity0_.LNG as LNG0_, cityentity0_.NAME as NAME0_ from CITY cityentity0_
2021-04-25 23:16:18,456 [DEBUG] [main] [org.hibernate.SQL] .logStatement(111) | select cityentity0_.ID as ID0_, cityentity0_.LATE as LATE0_, cityentity0_.LNG as LNG0_, cityentity0_.NAME as NAME0_ from CITY cityentity0_ where upper(cityentity0_.ID)=upper('bx') limit ?
2021-04-25 23:16:18,469 [DEBUG] [main] [org.hibernate.SQL] .logStatement(111) | select cityentity0_.ID as ID0_0_, cityentity0_.LATE as LATE0_0_, cityentity0_.LNG as LNG0_0_, cityentity0_.NAME as NAME0_0_ from CITY cityentity0_ where cityentity0_.ID=?
2021-04-25 23:16:18,527 [DEBUG] [main] [org.hibernate.SQL] .logStatement(111) | insert into CITY (LATE, LNG, NAME, ID) values (?, ?, ?, ?)
2021-04-25 23:16:18,534 [DEBUG] [main] [org.hibernate.SQL] .logStatement(111) | select cityentity0_.ID as ID0_, cityentity0_.LATE as LATE0_, cityentity0_.LNG as LNG0_, cityentity0_.NAME as NAME0_ from CITY cityentity0_ where upper(cityentity0_.ID)=upper('UC') limit ?
2021-04-25 23:16:18,542 [DEBUG] [main] [org.hibernate.SQL] .logStatement(111) | select cityentity0_.ID as ID0_, cityentity0_.LATE as LATE0_, cityentity0_.LNG as LNG0_, cityentity0_.NAME as NAME0_ from CITY cityentity0_ where upper(cityentity0_.ID)=upper('') limit ?
2021-04-25 23:16:18,556 [DEBUG] [main] [org.hibernate.SQL] .logStatement(111) | select cityentity0_.ID as ID0_, cityentity0_.LATE as LATE0_, cityentity0_.LNG as LNG0_, cityentity0_.NAME as NAME0_ from CITY cityentity0_ where upper(cityentity0_.ID)=upper('MI') limit ?
2021-04-25 23:16:18,591 [DEBUG] [main] [org.hibernate.SQL] .logStatement(111) | insert into CITY (LATE, LNG, NAME, ID) values (?, ?, ?, ?)
2021-04-25 23:16:18,595 [DEBUG] [main] [org.hibernate.SQL] .logStatement(111) | select cityentity0_.ID as ID0_, cityentity0_.LATE as LATE0_, cityentity0_.LNG as LNG0_, cityentity0_.NAME as NAME0_ from CITY cityentity0_ where upper(cityentity0_.ID)=upper('NC') limit ?
2021-04-25 23:16:18,621 [DEBUG] [main] [org.hibernate.SQL] .logStatement(111) | select cityentity0_.ID as ID0_, cityentity0_.LATE as LATE0_, cityentity0_.LNG as LNG0_, cityentity0_.NAME as NAME0_ from CITY cityentity0_ where upper(cityentity0_.ID)=upper('pa') limit ?
2021-04-25 23:16:18,634 [DEBUG] [main] [org.hibernate.SQL] .logStatement(111) | delete from CITY where ID=?
2021-04-25 23:16:18,645 [DEBUG] [main] [org.hibernate.SQL] .logStatement(111) | select cityentity0_.ID as ID0_, cityentity0_.LATE as LATE0_, cityentity0_.LNG as LNG0_, cityentity0_.NAME as NAME0_ from CITY cityentity0_ where upper(cityentity0_.ID)=upper('pa') limit ?
2021-04-25 23:16:18,663 [DEBUG] [main] [org.hibernate.SQL] .logStatement(111) | insert into CITY (LATE, LNG, NAME, ID) values (?, ?, ?, ?)
2021-04-25 23:16:18,675 [DEBUG] [main] [org.hibernate.SQL] .logStatement(111) | select cityentity0_.ID as ID0_, cityentity0_.LATE as LATE0_, cityentity0_.LNG as LNG0_, cityentity0_.NAME as NAME0_ from CITY cityentity0_ where upper(cityentity0_.ID)=upper('NC') limit ?
2021-04-25 23:16:18,686 [DEBUG] [main] [org.hibernate.SQL] .logStatement(111) | select cityentity0_.ID as ID0_0_, cityentity0_.LATE as LATE0_0_, cityentity0_.LNG as LNG0_0_, cityentity0_.NAME as NAME0_0_ from CITY cityentity0_ where cityentity0_.ID=?
2021-04-25 23:16:18,691 [DEBUG] [main] [org.hibernate.SQL] .logStatement(111) | insert into CITY (LATE, LNG, NAME, ID) values (?, ?, ?, ?)
2021-04-25 23:16:18,696 [DEBUG] [main] [org.hibernate.SQL] .logStatement(111) | select cityentity0_.ID as ID0_, cityentity0_.LATE as LATE0_, cityentity0_.LNG as LNG0_, cityentity0_.NAME as NAME0_ from CITY cityentity0_ where upper(cityentity0_.ID)=upper('UC') limit ?
2021-04-25 23:16:18,702 [DEBUG] [main] [org.hibernate.SQL] .logStatement(111) | select cityentity0_.ID as ID0_, cityentity0_.LATE as LATE0_, cityentity0_.LNG as LNG0_, cityentity0_.NAME as NAME0_ from CITY cityentity0_ where upper(cityentity0_.ID)=upper('UC') limit ?
2021-04-25 23:16:18,725 [DEBUG] [main] [org.hibernate.SQL] .logStatement(111) | delete from CITY where ID=?
2021-04-25 23:16:18,737 [DEBUG] [main] [org.hibernate.SQL] .logStatement(111) | select cityentity0_.ID as ID0_, cityentity0_.LATE as LATE0_, cityentity0_.LNG as LNG0_, cityentity0_.NAME as NAME0_ from CITY cityentity0_ where upper(cityentity0_.ID)=upper('UC') limit ?
2021-04-25 23:57:36,716 [INFO] [main] [org.springframework.jdbc.datasource.init.ResourceDatabasePopulator] .executeSqlScript(159) | Executing SQL script from class path resource [db/dml_populate_db.sql]
2021-04-25 23:57:36,836 [INFO] [main] [org.springframework.jdbc.datasource.init.ResourceDatabasePopulator] .executeSqlScript(214) | Done executing SQL script from class path resource [db/dml_populate_db.sql] in 105 ms.
2021-04-25 23:57:37,498 [DEBUG] [main] [org.hibernate.SQL] .logStatement(111) | select cityentity0_.ID as ID0_0_, cityentity0_.LATE as LATE0_0_, cityentity0_.LNG as LNG0_0_, cityentity0_.NAME as NAME0_0_ from CITY cityentity0_ where cityentity0_.ID=?
2021-04-25 23:57:38,243 [DEBUG] [main] [org.hibernate.SQL] .logStatement(111) | select cityentity0_.ID as ID0_, cityentity0_.LATE as LATE0_, cityentity0_.LNG as LNG0_, cityentity0_.NAME as NAME0_ from CITY cityentity0_
2021-04-25 23:57:38,302 [DEBUG] [main] [org.hibernate.SQL] .logStatement(111) | select cityentity0_.ID as ID0_0_, cityentity0_.LATE as LATE0_0_, cityentity0_.LNG as LNG0_0_, cityentity0_.NAME as NAME0_0_ from CITY cityentity0_ where cityentity0_.ID=?
2021-04-25 23:57:38,349 [DEBUG] [main] [org.hibernate.SQL] .logStatement(111) | select cityentity0_.ID as ID0_0_, cityentity0_.LATE as LATE0_0_, cityentity0_.LNG as LNG0_0_, cityentity0_.NAME as NAME0_0_ from CITY cityentity0_ where cityentity0_.ID=?
2021-04-25 23:57:38,391 [DEBUG] [main] [org.hibernate.SQL] .logStatement(111) | select cityentity0_.ID as ID0_0_, cityentity0_.LATE as LATE0_0_, cityentity0_.LNG as LNG0_0_, cityentity0_.NAME as NAME0_0_ from CITY cityentity0_ where cityentity0_.ID=?
2021-04-25 23:57:38,397 [DEBUG] [main] [org.hibernate.SQL] .logStatement(111) | select cityentity0_.ID as ID0_0_, cityentity0_.LATE as LATE0_0_, cityentity0_.LNG as LNG0_0_, cityentity0_.NAME as NAME0_0_ from CITY cityentity0_ where cityentity0_.ID=?
2021-04-25 23:57:38,411 [DEBUG] [main] [org.hibernate.SQL] .logStatement(111) | select cityentity0_.ID as ID0_0_, cityentity0_.LATE as LATE0_0_, cityentity0_.LNG as LNG0_0_, cityentity0_.NAME as NAME0_0_ from CITY cityentity0_ where cityentity0_.ID=?
2021-04-25 23:57:38,423 [DEBUG] [main] [org.hibernate.SQL] .logStatement(111) | select cityentity0_.ID as ID0_0_, cityentity0_.LATE as LATE0_0_, cityentity0_.LNG as LNG0_0_, cityentity0_.NAME as NAME0_0_ from CITY cityentity0_ where cityentity0_.ID=?
